<?xml version="1.0" encoding="UTF-8"?>
<!-- Generated by org.testng.reporters.JUnitXMLReporter -->
<testsuite hostname="GirishN3-msd1" ignored="0" name="Default test" tests="3" failures="0" timestamp="28 Jul 2020 15:37:55 GMT" time="96.752" errors="0">
  <testcase name="test2" time="1.77" classname="com.tests.AzureTest"/>
  <testcase name="test3" time="0.078" classname="com.tests.AzureTest"/>
  <testcase name="test4" time="15.312" classname="com.tests.AzureTest"/>
</testsuite> <!-- Default test -->
