<?xml version="1.0" encoding="UTF-8"?>
<!-- Generated by org.testng.reporters.JUnitXMLReporter -->
<testsuite hostname="LAPTOP-7NC8C0E5" ignored="0" name="Default test" tests="3" failures="0" timestamp="25 Jul 2020 15:29:40 GMT" time="61.129" errors="0">
  <testcase name="test2" time="0.502" classname="com.tests.AzureTest"/>
  <testcase name="test3" time="0.588" classname="com.tests.AzureTest"/>
  <testcase name="test4" time="8.225" classname="com.tests.AzureTest"/>
</testsuite> <!-- Default test -->
