<?xml version="1.0" encoding="UTF-8"?>
<testng-results skipped="0" failed="0" ignored="0" total="3" passed="3">
  <reporter-output>
  </reporter-output>
  <suite name="Default suite" duration-ms="96752" started-at="2020-07-28T15:36:18Z" finished-at="2020-07-28T15:37:55Z">
    <groups>
    </groups>
    <test name="Default test" duration-ms="96752" started-at="2020-07-28T15:36:18Z" finished-at="2020-07-28T15:37:55Z">
      <class name="com.tests.AzureTest">
        <test-method status="PASS" signature="setUp()[pri:0, instance:com.tests.AzureTest@13acb0d1]" name="setUp" is-config="true" duration-ms="31588" started-at="2020-07-28T15:36:18Z" finished-at="2020-07-28T15:36:50Z">
          <reporter-output>
          </reporter-output>
        </test-method> <!-- setUp -->
        <test-method status="PASS" signature="test2()[pri:1, instance:com.tests.AzureTest@13acb0d1]" name="test2" duration-ms="1770" started-at="2020-07-28T15:36:50Z" description="verifying tripadvisor logo is displayed" finished-at="2020-07-28T15:36:52Z">
          <reporter-output>
          </reporter-output>
        </test-method> <!-- test2 -->
        <test-method status="PASS" signature="tearDown()[pri:0, instance:com.tests.AzureTest@13acb0d1]" name="tearDown" is-config="true" duration-ms="6121" started-at="2020-07-28T15:36:52Z" finished-at="2020-07-28T15:36:58Z">
          <reporter-output>
          </reporter-output>
        </test-method> <!-- tearDown -->
        <test-method status="PASS" signature="setUp()[pri:0, instance:com.tests.AzureTest@13acb0d1]" name="setUp" is-config="true" duration-ms="15311" started-at="2020-07-28T15:36:58Z" finished-at="2020-07-28T15:37:13Z">
          <reporter-output>
          </reporter-output>
        </test-method> <!-- setUp -->
        <test-method status="PASS" signature="test3()[pri:2, instance:com.tests.AzureTest@13acb0d1]" name="test3" duration-ms="78" started-at="2020-07-28T15:37:13Z" description="verifying Sign Up link is displayed" finished-at="2020-07-28T15:37:13Z">
          <reporter-output>
          </reporter-output>
        </test-method> <!-- test3 -->
        <test-method status="PASS" signature="tearDown()[pri:0, instance:com.tests.AzureTest@13acb0d1]" name="tearDown" is-config="true" duration-ms="3555" started-at="2020-07-28T15:37:13Z" finished-at="2020-07-28T15:37:17Z">
          <reporter-output>
          </reporter-output>
        </test-method> <!-- tearDown -->
        <test-method status="PASS" signature="setUp()[pri:0, instance:com.tests.AzureTest@13acb0d1]" name="setUp" is-config="true" duration-ms="17842" started-at="2020-07-28T15:37:17Z" finished-at="2020-07-28T15:37:35Z">
          <reporter-output>
          </reporter-output>
        </test-method> <!-- setUp -->
        <test-method status="PASS" signature="test4()[pri:3, instance:com.tests.AzureTest@13acb0d1]" name="test4" duration-ms="15312" started-at="2020-07-28T15:37:35Z" description="verifying Trips Menu is displayed" finished-at="2020-07-28T15:37:50Z">
          <reporter-output>
          </reporter-output>
        </test-method> <!-- test4 -->
        <test-method status="PASS" signature="tearDown()[pri:0, instance:com.tests.AzureTest@13acb0d1]" name="tearDown" is-config="true" duration-ms="4843" started-at="2020-07-28T15:37:50Z" finished-at="2020-07-28T15:37:55Z">
          <reporter-output>
          </reporter-output>
        </test-method> <!-- tearDown -->
      </class> <!-- com.tests.AzureTest -->
    </test> <!-- Default test -->
  </suite> <!-- Default suite -->
</testng-results>
